<?xml version="1.0" encoding="UTF-8"?>
<!-- Generated by org.testng.reporters.JUnitReportReporter -->
<testsuite hostname="DESKTOP-KEP5PAG" failures="0" tests="1" name="mavenjenkin.TestMavenJenkin" time="11.177" errors="0" timestamp="2023-01-04T10:42:37 PKT" skipped="0">
  <testcase classname="mavenjenkin.TestMavenJenkin" name="startBrowser" time="11.177"/>
  <system-out/>
</testsuite> <!-- mavenjenkin.TestMavenJenkin -->
